2020-04-17 10:29:43,505 INFO [main] com.example.demo.DemoApplication [StartupInfoLogger.java : 55] Starting DemoApplication on PC-20190611VCMW with PID 12724 (D:\test\demo\target\classes started by Administrator in D:\test\demo)
2020-04-17 10:29:43,639 INFO [main] com.example.demo.DemoApplication [SpringApplication.java : 651] No active profile set, falling back to default profiles: default
2020-04-17 10:29:44,860 INFO [main] o.s.d.r.c.RepositoryConfigurationDelegate [RepositoryConfigurationDelegate.java : 249] Multiple Spring Data modules found, entering strict repository configuration mode!
2020-04-17 10:29:44,862 INFO [main] o.s.d.r.c.RepositoryConfigurationDelegate [RepositoryConfigurationDelegate.java : 127] Bootstrapping Spring Data Redis repositories in DEFAULT mode.
2020-04-17 10:29:44,884 INFO [main] o.s.d.r.c.RepositoryConfigurationDelegate [RepositoryConfigurationDelegate.java : 187] Finished Spring Data repository scanning in 9ms. Found 0 Redis repository interfaces.
2020-04-17 10:29:45,255 INFO [main] o.s.c.s.PostProcessorRegistrationDelegate$BeanPostProcessorChecker [PostProcessorRegistrationDelegate.java : 330] Bean 'redisConfiguration' of type [com.example.demo.distance.config.RedisConfiguration$$EnhancerBySpringCGLIB$$832d424a] is not eligible for getting processed by all BeanPostProcessors (for example: not eligible for auto-proxying)
2020-04-17 10:29:45,260 INFO [main] o.s.c.s.PostProcessorRegistrationDelegate$BeanPostProcessorChecker [PostProcessorRegistrationDelegate.java : 330] Bean 'org.springframework.transaction.annotation.ProxyTransactionManagementConfiguration' of type [org.springframework.transaction.annotation.ProxyTransactionManagementConfiguration] is not eligible for getting processed by all BeanPostProcessors (for example: not eligible for auto-proxying)
2020-04-17 10:29:45,554 INFO [main] o.s.b.w.e.tomcat.TomcatWebServer [TomcatWebServer.java : 92] Tomcat initialized with port(s): 8085 (http)
2020-04-17 10:29:45,564 INFO [main] o.a.coyote.http11.Http11NioProtocol [DirectJDKLog.java : 173] Initializing ProtocolHandler ["http-nio-8085"]
2020-04-17 10:29:45,564 INFO [main] o.a.catalina.core.StandardService [DirectJDKLog.java : 173] Starting service [Tomcat]
2020-04-17 10:29:45,565 INFO [main] o.a.catalina.core.StandardEngine [DirectJDKLog.java : 173] Starting Servlet engine: [Apache Tomcat/9.0.29]
2020-04-17 10:29:45,566 INFO [main] o.a.c.core.AprLifecycleListener [DirectJDKLog.java : 173] An older version [1.2.16] of the APR based Apache Tomcat Native library is installed, while Tomcat recommends a minimum version of [1.2.23]
2020-04-17 10:29:45,566 INFO [main] o.a.c.core.AprLifecycleListener [DirectJDKLog.java : 173] Loaded APR based Apache Tomcat Native library [1.2.16] using APR version [1.6.3].
2020-04-17 10:29:45,566 INFO [main] o.a.c.core.AprLifecycleListener [DirectJDKLog.java : 173] APR capabilities: IPv6 [true], sendfile [true], accept filters [false], random [true].
2020-04-17 10:29:45,566 INFO [main] o.a.c.core.AprLifecycleListener [DirectJDKLog.java : 173] APR/OpenSSL configuration: useAprConnector [false], useOpenSSL [true]
2020-04-17 10:29:46,688 INFO [main] o.a.c.core.AprLifecycleListener [DirectJDKLog.java : 173] OpenSSL successfully initialized [OpenSSL 1.0.2m  2 Nov 2017]
2020-04-17 10:29:46,794 INFO [main] o.a.c.c.C.[Tomcat].[localhost].[/] [DirectJDKLog.java : 173] Initializing Spring embedded WebApplicationContext
2020-04-17 10:29:46,794 INFO [main] o.s.web.context.ContextLoader [ServletWebServerApplicationContext.java : 284] Root WebApplicationContext: initialization completed in 2840 ms
2020-04-17 10:29:47,762 INFO [main] o.s.s.c.ThreadPoolTaskExecutor [ExecutorConfigurationSupport.java : 171] Initializing ExecutorService 'applicationTaskExecutor'
2020-04-17 10:29:47,976 INFO [main] o.a.coyote.http11.Http11NioProtocol [DirectJDKLog.java : 173] Starting ProtocolHandler ["http-nio-8085"]
2020-04-17 10:29:47,994 INFO [main] o.s.b.w.e.tomcat.TomcatWebServer [TomcatWebServer.java : 204] Tomcat started on port(s): 8085 (http) with context path ''
2020-04-17 10:29:47,996 INFO [main] com.example.demo.DemoApplication [StartupInfoLogger.java : 61] Started DemoApplication in 4.945 seconds (JVM running for 7.107)
2020-04-17 10:30:34,529 INFO [http-nio-8085-exec-1] o.a.c.c.C.[Tomcat].[localhost].[/] [DirectJDKLog.java : 173] Initializing Spring DispatcherServlet 'dispatcherServlet'
2020-04-17 10:30:34,529 INFO [http-nio-8085-exec-1] o.s.web.servlet.DispatcherServlet [FrameworkServlet.java : 525] Initializing Servlet 'dispatcherServlet'
2020-04-17 10:30:34,533 INFO [http-nio-8085-exec-1] o.s.web.servlet.DispatcherServlet [FrameworkServlet.java : 547] Completed initialization in 4 ms
2020-04-17 10:32:11,290 INFO [http-nio-8085-exec-1] io.lettuce.core.EpollProvider [EpollProvider.java : 68] Starting without optional epoll library
2020-04-17 10:32:11,297 INFO [http-nio-8085-exec-1] io.lettuce.core.KqueueProvider [KqueueProvider.java : 70] Starting without optional kqueue library
2020-04-17 10:36:12,841 ERROR [http-nio-8085-exec-2] c.alibaba.druid.pool.DruidDataSource [DruidDataSource.java : 809] testWhileIdle is true, validationQuery not set
2020-04-17 10:36:12,848 INFO [http-nio-8085-exec-2] c.alibaba.druid.pool.DruidDataSource [DruidDataSource.java : 669] {dataSource-1} inited
2020-04-17 10:39:22,706 INFO [main] com.example.demo.DemoApplication [StartupInfoLogger.java : 55] Starting DemoApplication on PC-20190611VCMW with PID 12940 (D:\test\demo\target\classes started by Administrator in D:\test\demo)
2020-04-17 10:39:22,708 INFO [main] com.example.demo.DemoApplication [SpringApplication.java : 651] No active profile set, falling back to default profiles: default
2020-04-17 10:39:23,237 INFO [main] o.s.d.r.c.RepositoryConfigurationDelegate [RepositoryConfigurationDelegate.java : 249] Multiple Spring Data modules found, entering strict repository configuration mode!
2020-04-17 10:39:23,239 INFO [main] o.s.d.r.c.RepositoryConfigurationDelegate [RepositoryConfigurationDelegate.java : 127] Bootstrapping Spring Data Redis repositories in DEFAULT mode.
2020-04-17 10:39:23,255 INFO [main] o.s.d.r.c.RepositoryConfigurationDelegate [RepositoryConfigurationDelegate.java : 187] Finished Spring Data repository scanning in 7ms. Found 0 Redis repository interfaces.
2020-04-17 10:39:23,458 INFO [main] o.s.c.s.PostProcessorRegistrationDelegate$BeanPostProcessorChecker [PostProcessorRegistrationDelegate.java : 330] Bean 'redisConfiguration' of type [com.example.demo.distance.config.RedisConfiguration$$EnhancerBySpringCGLIB$$d60e8f4f] is not eligible for getting processed by all BeanPostProcessors (for example: not eligible for auto-proxying)
2020-04-17 10:39:23,462 INFO [main] o.s.c.s.PostProcessorRegistrationDelegate$BeanPostProcessorChecker [PostProcessorRegistrationDelegate.java : 330] Bean 'org.springframework.transaction.annotation.ProxyTransactionManagementConfiguration' of type [org.springframework.transaction.annotation.ProxyTransactionManagementConfiguration] is not eligible for getting processed by all BeanPostProcessors (for example: not eligible for auto-proxying)
2020-04-17 10:39:23,632 INFO [main] o.s.b.w.e.tomcat.TomcatWebServer [TomcatWebServer.java : 92] Tomcat initialized with port(s): 8085 (http)
2020-04-17 10:39:23,638 INFO [main] o.a.coyote.http11.Http11NioProtocol [DirectJDKLog.java : 173] Initializing ProtocolHandler ["http-nio-8085"]
2020-04-17 10:39:23,639 INFO [main] o.a.catalina.core.StandardService [DirectJDKLog.java : 173] Starting service [Tomcat]
2020-04-17 10:39:23,639 INFO [main] o.a.catalina.core.StandardEngine [DirectJDKLog.java : 173] Starting Servlet engine: [Apache Tomcat/9.0.29]
2020-04-17 10:39:23,640 INFO [main] o.a.c.core.AprLifecycleListener [DirectJDKLog.java : 173] An older version [1.2.16] of the APR based Apache Tomcat Native library is installed, while Tomcat recommends a minimum version of [1.2.23]
2020-04-17 10:39:23,640 INFO [main] o.a.c.core.AprLifecycleListener [DirectJDKLog.java : 173] Loaded APR based Apache Tomcat Native library [1.2.16] using APR version [1.6.3].
2020-04-17 10:39:23,640 INFO [main] o.a.c.core.AprLifecycleListener [DirectJDKLog.java : 173] APR capabilities: IPv6 [true], sendfile [true], accept filters [false], random [true].
2020-04-17 10:39:23,641 INFO [main] o.a.c.core.AprLifecycleListener [DirectJDKLog.java : 173] APR/OpenSSL configuration: useAprConnector [false], useOpenSSL [true]
2020-04-17 10:39:24,694 INFO [main] o.a.c.core.AprLifecycleListener [DirectJDKLog.java : 173] OpenSSL successfully initialized [OpenSSL 1.0.2m  2 Nov 2017]
2020-04-17 10:39:24,785 INFO [main] o.a.c.c.C.[Tomcat].[localhost].[/] [DirectJDKLog.java : 173] Initializing Spring embedded WebApplicationContext
2020-04-17 10:39:24,785 INFO [main] o.s.web.context.ContextLoader [ServletWebServerApplicationContext.java : 284] Root WebApplicationContext: initialization completed in 1928 ms
2020-04-17 10:39:25,252 INFO [main] o.s.s.c.ThreadPoolTaskExecutor [ExecutorConfigurationSupport.java : 171] Initializing ExecutorService 'applicationTaskExecutor'
2020-04-17 10:39:25,431 INFO [main] o.a.coyote.http11.Http11NioProtocol [DirectJDKLog.java : 173] Starting ProtocolHandler ["http-nio-8085"]
2020-04-17 10:39:25,448 INFO [main] o.s.b.w.e.tomcat.TomcatWebServer [TomcatWebServer.java : 204] Tomcat started on port(s): 8085 (http) with context path ''
2020-04-17 10:39:25,450 INFO [main] com.example.demo.DemoApplication [StartupInfoLogger.java : 61] Started DemoApplication in 2.986 seconds (JVM running for 3.624)
2020-04-17 10:39:36,665 INFO [http-nio-8085-exec-1] o.a.c.c.C.[Tomcat].[localhost].[/] [DirectJDKLog.java : 173] Initializing Spring DispatcherServlet 'dispatcherServlet'
2020-04-17 10:39:36,665 INFO [http-nio-8085-exec-1] o.s.web.servlet.DispatcherServlet [FrameworkServlet.java : 525] Initializing Servlet 'dispatcherServlet'
2020-04-17 10:39:36,673 INFO [http-nio-8085-exec-1] o.s.web.servlet.DispatcherServlet [FrameworkServlet.java : 547] Completed initialization in 8 ms
2020-04-17 10:39:39,499 INFO [http-nio-8085-exec-1] io.lettuce.core.EpollProvider [EpollProvider.java : 68] Starting without optional epoll library
2020-04-17 10:39:39,501 INFO [http-nio-8085-exec-1] io.lettuce.core.KqueueProvider [KqueueProvider.java : 70] Starting without optional kqueue library
